2025-12-04 23:02:16,434 [INFO] gameocr.server: OCR request received filename=testimage.png
2025-12-04 23:41:06,469 [INFO] gameocr.server: OCR request received filename=image.png
2025-12-04 23:52:52,299 [INFO] gameocr.server: OCR request received filename=image.png
2025-12-06 09:58:46,889 [INFO] gameocr.server: OCR request received filename=testimage.png
2025-12-06 10:01:12,802 [INFO] gameocr.server: State saved to /Users/zhaizeyu/Documents/vscode/local/gameocr/backend/data/state.json
2025-12-06 10:01:12,805 [INFO] gameocr.server: State saved to /Users/zhaizeyu/Documents/vscode/local/gameocr/backend/data/state.json
2025-12-06 10:01:14,845 [INFO] gameocr.server: State saved to /Users/zhaizeyu/Documents/vscode/local/gameocr/backend/data/state.json
2025-12-06 10:01:14,849 [INFO] gameocr.server: State saved to /Users/zhaizeyu/Documents/vscode/local/gameocr/backend/data/state.json
2025-12-06 10:03:47,168 [INFO] gameocr.server: State saved to /Users/zhaizeyu/Documents/vscode/local/gameocr/backend/data/state.json
2025-12-06 10:06:51,547 [INFO] gameocr.server: State saved to /Users/zhaizeyu/Documents/vscode/local/gameocr/backend/data/state.json
2025-12-06 10:06:55,543 [INFO] gameocr.server: State saved to /Users/zhaizeyu/Documents/vscode/local/gameocr/backend/data/state.json
2025-12-06 10:06:59,522 [INFO] gameocr.server: State saved to /Users/zhaizeyu/Documents/vscode/local/gameocr/backend/data/state.json
2025-12-06 10:07:04,959 [INFO] gameocr.server: State saved to /Users/zhaizeyu/Documents/vscode/local/gameocr/backend/data/state.json
2025-12-06 10:07:08,722 [INFO] gameocr.server: State saved to /Users/zhaizeyu/Documents/vscode/local/gameocr/backend/data/state.json
2025-12-06 10:07:09,646 [INFO] gameocr.server: State saved to /Users/zhaizeyu/Documents/vscode/local/gameocr/backend/data/state.json
2025-12-06 10:07:11,372 [INFO] gameocr.server: State saved to /Users/zhaizeyu/Documents/vscode/local/gameocr/backend/data/state.json
2025-12-06 10:07:21,267 [INFO] gameocr.server: State saved to /Users/zhaizeyu/Documents/vscode/local/gameocr/backend/data/state.json
2025-12-06 10:07:29,720 [INFO] gameocr.server: State saved to /Users/zhaizeyu/Documents/vscode/local/gameocr/backend/data/state.json
2025-12-06 10:07:31,955 [INFO] gameocr.server: State saved to /Users/zhaizeyu/Documents/vscode/local/gameocr/backend/data/state.json
2025-12-06 10:07:33,591 [INFO] gameocr.server: State saved to /Users/zhaizeyu/Documents/vscode/local/gameocr/backend/data/state.json
2025-12-06 10:07:41,178 [INFO] gameocr.server: State saved to /Users/zhaizeyu/Documents/vscode/local/gameocr/backend/data/state.json
2025-12-06 10:07:43,794 [INFO] gameocr.server: State saved to /Users/zhaizeyu/Documents/vscode/local/gameocr/backend/data/state.json
2025-12-06 10:07:43,805 [INFO] gameocr.server: State saved to /Users/zhaizeyu/Documents/vscode/local/gameocr/backend/data/state.json
2025-12-06 10:07:59,197 [INFO] gameocr.server: State saved to /Users/zhaizeyu/Documents/vscode/local/gameocr/backend/data/state.json
2025-12-06 10:07:59,202 [INFO] gameocr.server: State saved to /Users/zhaizeyu/Documents/vscode/local/gameocr/backend/data/state.json
2025-12-06 10:08:02,403 [INFO] gameocr.server: State saved to /Users/zhaizeyu/Documents/vscode/local/gameocr/backend/data/state.json
2025-12-06 10:08:08,711 [INFO] gameocr.server: State saved to /Users/zhaizeyu/Documents/vscode/local/gameocr/backend/data/state.json
2025-12-06 10:08:10,014 [INFO] gameocr.server: State saved to /Users/zhaizeyu/Documents/vscode/local/gameocr/backend/data/state.json
2025-12-06 10:08:14,743 [INFO] gameocr.server: State saved to /Users/zhaizeyu/Documents/vscode/local/gameocr/backend/data/state.json
2025-12-06 10:08:14,747 [INFO] gameocr.server: State saved to /Users/zhaizeyu/Documents/vscode/local/gameocr/backend/data/state.json
2025-12-06 10:08:17,103 [INFO] gameocr.server: State saved to /Users/zhaizeyu/Documents/vscode/local/gameocr/backend/data/state.json
2025-12-06 10:08:18,666 [INFO] gameocr.server: State saved to /Users/zhaizeyu/Documents/vscode/local/gameocr/backend/data/state.json
2025-12-06 10:08:18,669 [INFO] gameocr.server: State saved to /Users/zhaizeyu/Documents/vscode/local/gameocr/backend/data/state.json
2025-12-06 10:11:59,925 [INFO] gameocr.server: State saved to /Users/zhaizeyu/Documents/vscode/local/gameocr/backend/data/state.json
2025-12-06 10:12:19,992 [INFO] gameocr.server: State saved to /Users/zhaizeyu/Documents/vscode/local/gameocr/backend/data/state.json
2025-12-06 10:12:19,993 [INFO] gameocr.server: State saved to /Users/zhaizeyu/Documents/vscode/local/gameocr/backend/data/state.json
2025-12-06 10:12:28,413 [INFO] gameocr.server: State saved to /Users/zhaizeyu/Documents/vscode/local/gameocr/backend/data/state.json
2025-12-06 10:12:40,058 [INFO] gameocr.server: State saved to /Users/zhaizeyu/Documents/vscode/local/gameocr/backend/data/state.json
2025-12-06 10:12:50,709 [INFO] gameocr.server: State saved to /Users/zhaizeyu/Documents/vscode/local/gameocr/backend/data/state.json
2025-12-06 10:13:01,257 [INFO] gameocr.server: State saved to /Users/zhaizeyu/Documents/vscode/local/gameocr/backend/data/state.json
2025-12-06 10:17:37,204 [INFO] gameocr.server: State saved to /Users/zhaizeyu/Documents/vscode/local/gameocr/backend/data/state.json
2025-12-06 10:17:37,219 [INFO] gameocr.server: State saved to /Users/zhaizeyu/Documents/vscode/local/gameocr/backend/data/state_账号_02.json
2025-12-06 10:17:37,226 [INFO] gameocr.server: State saved to /Users/zhaizeyu/Documents/vscode/local/gameocr/backend/data/state_账号_02.json
2025-12-06 10:17:46,978 [INFO] gameocr.server: OCR request received filename=testimage.png account=default
2025-12-06 10:24:17,355 [INFO] gameocr.server: State saved to /Users/zhaizeyu/Documents/vscode/local/gameocr/backend/data/state.json
2025-12-06 10:24:17,356 [INFO] gameocr.server: State saved to /Users/zhaizeyu/Documents/vscode/local/gameocr/backend/data/state_账号_01.json
2025-12-06 10:24:17,359 [INFO] gameocr.server: State saved to /Users/zhaizeyu/Documents/vscode/local/gameocr/backend/data/state_账号_01.json
2025-12-06 10:24:20,135 [INFO] gameocr.server: State saved to /Users/zhaizeyu/Documents/vscode/local/gameocr/backend/data/state.json
2025-12-06 10:24:20,143 [INFO] gameocr.server: State saved to /Users/zhaizeyu/Documents/vscode/local/gameocr/backend/data/state_账号_02.json
2025-12-06 10:24:22,613 [INFO] gameocr.server: State saved to /Users/zhaizeyu/Documents/vscode/local/gameocr/backend/data/state.json
2025-12-06 10:24:22,619 [INFO] gameocr.server: State saved to /Users/zhaizeyu/Documents/vscode/local/gameocr/backend/data/state_账号_01.json
2025-12-06 10:24:24,435 [INFO] gameocr.server: State saved to /Users/zhaizeyu/Documents/vscode/local/gameocr/backend/data/state.json
2025-12-06 10:24:24,445 [INFO] gameocr.server: State saved to /Users/zhaizeyu/Documents/vscode/local/gameocr/backend/data/state_账号_02.json
2025-12-06 10:25:00,411 [INFO] gameocr.server: State saved to /Users/zhaizeyu/Documents/vscode/local/gameocr/backend/data/state.json
2025-12-06 10:25:00,412 [INFO] gameocr.server: State saved to /Users/zhaizeyu/Documents/vscode/local/gameocr/backend/data/state_账号_02.json
2025-12-06 10:25:00,414 [INFO] gameocr.server: State saved to /Users/zhaizeyu/Documents/vscode/local/gameocr/backend/data/state_账号_02.json
2025-12-06 10:25:03,573 [INFO] gameocr.server: State saved to /Users/zhaizeyu/Documents/vscode/local/gameocr/backend/data/state.json
2025-12-06 10:25:03,578 [INFO] gameocr.server: State saved to /Users/zhaizeyu/Documents/vscode/local/gameocr/backend/data/state_账号_01.json
2025-12-06 10:25:05,589 [INFO] gameocr.server: State saved to /Users/zhaizeyu/Documents/vscode/local/gameocr/backend/data/state.json
2025-12-06 10:25:05,612 [INFO] gameocr.server: State saved to /Users/zhaizeyu/Documents/vscode/local/gameocr/backend/data/state_账号_02.json
2025-12-06 10:27:15,288 [INFO] gameocr.server: State saved to /Users/zhaizeyu/Documents/vscode/local/gameocr/backend/data/state.json
2025-12-06 10:27:15,289 [INFO] gameocr.server: State saved to /Users/zhaizeyu/Documents/vscode/local/gameocr/backend/data/state_账号_02.json
2025-12-06 10:28:30,688 [INFO] gameocr.server: State saved to /Users/zhaizeyu/Documents/vscode/local/gameocr/backend/data/state.json
2025-12-06 10:28:30,691 [INFO] gameocr.server: State saved to /Users/zhaizeyu/Documents/vscode/local/gameocr/backend/data/state_账号_01.json
2025-12-06 10:28:36,466 [INFO] gameocr.server: State saved to /Users/zhaizeyu/Documents/vscode/local/gameocr/backend/data/state.json
2025-12-06 10:28:36,468 [INFO] gameocr.server: State saved to /Users/zhaizeyu/Documents/vscode/local/gameocr/backend/data/state_账号_02.json
2025-12-06 10:28:41,567 [INFO] gameocr.server: OCR request received filename=testimage.png account=账号_01
2025-12-06 10:30:03,313 [INFO] gameocr.server: State saved to /Users/zhaizeyu/Documents/vscode/local/gameocr/backend/data/state.json
2025-12-06 10:30:03,315 [INFO] gameocr.server: State saved to /Users/zhaizeyu/Documents/vscode/local/gameocr/backend/data/state_账号_02.json
2025-12-06 10:30:12,756 [INFO] gameocr.server: State saved to /Users/zhaizeyu/Documents/vscode/local/gameocr/backend/data/state.json
2025-12-06 10:30:12,757 [INFO] gameocr.server: State saved to /Users/zhaizeyu/Documents/vscode/local/gameocr/backend/data/state_账号_02.json
2025-12-06 10:30:12,760 [INFO] gameocr.server: State saved to /Users/zhaizeyu/Documents/vscode/local/gameocr/backend/data/state_账号_02.json
2025-12-06 10:30:16,732 [INFO] gameocr.server: State saved to /Users/zhaizeyu/Documents/vscode/local/gameocr/backend/data/state.json
2025-12-06 10:30:16,734 [INFO] gameocr.server: State saved to /Users/zhaizeyu/Documents/vscode/local/gameocr/backend/data/state_账号_01.json
2025-12-06 10:30:28,752 [INFO] gameocr.server: State saved to /Users/zhaizeyu/Documents/vscode/local/gameocr/backend/data/state.json
2025-12-06 10:30:28,754 [INFO] gameocr.server: State saved to /Users/zhaizeyu/Documents/vscode/local/gameocr/backend/data/state_账号_03.json
2025-12-06 10:30:43,562 [INFO] gameocr.server: OCR request received filename=testimage.png account=账号_01
2025-12-06 10:31:44,950 [INFO] gameocr.server: State saved to /Users/zhaizeyu/Documents/vscode/local/gameocr/backend/data/state.json
2025-12-06 10:31:44,951 [INFO] gameocr.server: State saved to /Users/zhaizeyu/Documents/vscode/local/gameocr/backend/data/state_账号_03.json
2025-12-06 10:31:44,954 [INFO] gameocr.server: State saved to /Users/zhaizeyu/Documents/vscode/local/gameocr/backend/data/state_账号_03.json
2025-12-06 10:31:47,984 [INFO] gameocr.server: State saved to /Users/zhaizeyu/Documents/vscode/local/gameocr/backend/data/state.json
2025-12-06 10:31:47,986 [INFO] gameocr.server: State saved to /Users/zhaizeyu/Documents/vscode/local/gameocr/backend/data/state_账号_02.json
2025-12-06 10:31:49,678 [INFO] gameocr.server: State saved to /Users/zhaizeyu/Documents/vscode/local/gameocr/backend/data/state.json
2025-12-06 10:31:49,680 [INFO] gameocr.server: State saved to /Users/zhaizeyu/Documents/vscode/local/gameocr/backend/data/state_账号_01.json
2025-12-06 10:31:51,577 [INFO] gameocr.server: State saved to /Users/zhaizeyu/Documents/vscode/local/gameocr/backend/data/state.json
2025-12-06 10:31:51,579 [INFO] gameocr.server: State saved to /Users/zhaizeyu/Documents/vscode/local/gameocr/backend/data/state_账号_03.json
2025-12-06 10:33:26,874 [INFO] gameocr.server: State saved to /Users/zhaizeyu/Documents/vscode/local/gameocr/backend/data/state.json
2025-12-06 10:33:26,875 [INFO] gameocr.server: State saved to /Users/zhaizeyu/Documents/vscode/local/gameocr/backend/data/state_账号_03.json
2025-12-06 10:34:08,971 [INFO] gameocr.server: State saved to /Users/zhaizeyu/Documents/vscode/local/gameocr/backend/data/state.json
2025-12-06 10:34:08,972 [INFO] gameocr.server: State saved to /Users/zhaizeyu/Documents/vscode/local/gameocr/backend/data/state_账号_03.json
2025-12-06 10:34:08,975 [INFO] gameocr.server: State saved to /Users/zhaizeyu/Documents/vscode/local/gameocr/backend/data/state_账号_03.json
2025-12-06 10:34:10,959 [INFO] gameocr.server: State saved to /Users/zhaizeyu/Documents/vscode/local/gameocr/backend/data/state.json
2025-12-06 10:34:10,960 [INFO] gameocr.server: State saved to /Users/zhaizeyu/Documents/vscode/local/gameocr/backend/data/state_账号_02.json
2025-12-06 10:34:12,590 [INFO] gameocr.server: State saved to /Users/zhaizeyu/Documents/vscode/local/gameocr/backend/data/state.json
2025-12-06 10:34:12,592 [INFO] gameocr.server: State saved to /Users/zhaizeyu/Documents/vscode/local/gameocr/backend/data/state_账号_01.json
2025-12-06 10:34:14,699 [INFO] gameocr.server: State saved to /Users/zhaizeyu/Documents/vscode/local/gameocr/backend/data/state.json
2025-12-06 10:34:14,700 [INFO] gameocr.server: State saved to /Users/zhaizeyu/Documents/vscode/local/gameocr/backend/data/state_账号_03.json
2025-12-06 10:34:17,025 [INFO] gameocr.server: State saved to /Users/zhaizeyu/Documents/vscode/local/gameocr/backend/data/state.json
2025-12-06 10:34:17,027 [INFO] gameocr.server: State saved to /Users/zhaizeyu/Documents/vscode/local/gameocr/backend/data/state_账号_01.json
2025-12-06 10:34:20,941 [INFO] gameocr.server: State saved to /Users/zhaizeyu/Documents/vscode/local/gameocr/backend/data/state.json
2025-12-06 10:34:20,943 [INFO] gameocr.server: State saved to /Users/zhaizeyu/Documents/vscode/local/gameocr/backend/data/state_账号_03.json
2025-12-06 10:34:29,735 [INFO] gameocr.server: State saved to /Users/zhaizeyu/Documents/vscode/local/gameocr/backend/data/state.json
2025-12-06 10:35:26,355 [INFO] gameocr.server: State saved to /Users/zhaizeyu/Documents/vscode/local/gameocr/backend/data/state.json
2025-12-06 10:35:26,356 [INFO] gameocr.server: State saved to /Users/zhaizeyu/Documents/vscode/local/gameocr/backend/data/state_账号_03.json
2025-12-06 10:36:20,874 [INFO] gameocr.server: State saved to /Users/zhaizeyu/Documents/vscode/local/gameocr/backend/data/state.json
2025-12-06 10:36:20,876 [INFO] gameocr.server: State saved to /Users/zhaizeyu/Documents/vscode/local/gameocr/backend/data/state_账号_03.json
2025-12-06 10:36:20,878 [INFO] gameocr.server: State saved to /Users/zhaizeyu/Documents/vscode/local/gameocr/backend/data/state_账号_03.json
2025-12-06 10:36:27,586 [INFO] gameocr.server: OCR request received filename=testimage.png account=账号_01
2025-12-06 10:42:34,294 [INFO] gameocr.server: State saved to /Users/zhaizeyu/Documents/vscode/local/gameocr/backend/data/state.json
2025-12-06 10:42:34,294 [INFO] gameocr.server: State saved to /Users/zhaizeyu/Documents/vscode/local/gameocr/backend/data/state_账号_03.json
2025-12-06 10:42:34,297 [INFO] gameocr.server: State saved to /Users/zhaizeyu/Documents/vscode/local/gameocr/backend/data/state_账号_03.json
2025-12-06 10:42:39,053 [INFO] gameocr.server: State saved to /Users/zhaizeyu/Documents/vscode/local/gameocr/backend/data/state.json
2025-12-06 10:42:39,054 [INFO] gameocr.server: State saved to /Users/zhaizeyu/Documents/vscode/local/gameocr/backend/data/state_账号_02.json
2025-12-06 10:42:41,938 [INFO] gameocr.server: State saved to /Users/zhaizeyu/Documents/vscode/local/gameocr/backend/data/state.json
2025-12-06 10:42:41,940 [INFO] gameocr.server: State saved to /Users/zhaizeyu/Documents/vscode/local/gameocr/backend/data/state_账号_01.json
2025-12-06 10:42:44,630 [INFO] gameocr.server: State saved to /Users/zhaizeyu/Documents/vscode/local/gameocr/backend/data/state.json
2025-12-06 10:42:44,631 [INFO] gameocr.server: State saved to /Users/zhaizeyu/Documents/vscode/local/gameocr/backend/data/state_账号_03.json
2025-12-06 10:42:53,420 [INFO] gameocr.server: OCR request received filename=testimage.png account=账号_01
2025-12-06 10:45:53,816 [INFO] gameocr.server: State saved to /Users/zhaizeyu/Documents/vscode/local/gameocr/backend/data/state.json
2025-12-06 10:45:53,817 [INFO] gameocr.server: State saved to /Users/zhaizeyu/Documents/vscode/local/gameocr/backend/data/state_账号_03.json
2025-12-06 10:45:53,821 [INFO] gameocr.server: State saved to /Users/zhaizeyu/Documents/vscode/local/gameocr/backend/data/state_账号_03.json
2025-12-06 10:46:03,823 [INFO] gameocr.server: OCR request received filename=testimage.png account=账号_01
2025-12-06 11:10:49,883 [INFO] gameocr.server: State saved to /Users/zhaizeyu/Documents/vscode/local/gameocr/backend/data/state.json
2025-12-06 11:10:49,885 [INFO] gameocr.server: State saved to /Users/zhaizeyu/Documents/vscode/local/gameocr/backend/data/state_账号_02.json
2025-12-06 11:10:49,886 [INFO] gameocr.server: State saved to /Users/zhaizeyu/Documents/vscode/local/gameocr/backend/data/state_账号_02.json
2025-12-06 11:10:53,745 [INFO] gameocr.server: State saved to /Users/zhaizeyu/Documents/vscode/local/gameocr/backend/data/state.json
2025-12-06 11:10:53,746 [INFO] gameocr.server: State saved to /Users/zhaizeyu/Documents/vscode/local/gameocr/backend/data/state_账号_02.json
2025-12-06 11:10:53,748 [INFO] gameocr.server: State saved to /Users/zhaizeyu/Documents/vscode/local/gameocr/backend/data/state_账号_02.json
2025-12-06 11:11:03,544 [INFO] gameocr.server: State saved to /Users/zhaizeyu/Documents/vscode/local/gameocr/backend/data/state.json
2025-12-06 11:11:03,545 [INFO] gameocr.server: State saved to /Users/zhaizeyu/Documents/vscode/local/gameocr/backend/data/state_账号_02.json
2025-12-06 11:11:03,547 [INFO] gameocr.server: State saved to /Users/zhaizeyu/Documents/vscode/local/gameocr/backend/data/state_账号_02.json
2025-12-06 11:11:17,346 [INFO] gameocr.server: State saved to /Users/zhaizeyu/Documents/vscode/local/gameocr/backend/data/state.json
2025-12-06 11:11:17,347 [INFO] gameocr.server: State saved to /Users/zhaizeyu/Documents/vscode/local/gameocr/backend/data/state_账号_02.json
2025-12-06 11:11:17,354 [INFO] gameocr.server: State saved to /Users/zhaizeyu/Documents/vscode/local/gameocr/backend/data/state_账号_02.json
2025-12-06 11:12:05,219 [INFO] gameocr.server: State saved to /Users/zhaizeyu/Documents/vscode/local/gameocr/backend/data/state.json
2025-12-06 11:12:05,219 [INFO] gameocr.server: State saved to /Users/zhaizeyu/Documents/vscode/local/gameocr/backend/data/state_账号_02.json
2025-12-06 11:14:23,984 [INFO] gameocr.server: State saved to /Users/zhaizeyu/Documents/vscode/local/gameocr/backend/data/state.json
2025-12-06 11:14:23,984 [INFO] gameocr.server: State saved to /Users/zhaizeyu/Documents/vscode/local/gameocr/backend/data/state_账号_02.json
2025-12-06 11:14:23,991 [INFO] gameocr.server: State saved to /Users/zhaizeyu/Documents/vscode/local/gameocr/backend/data/state_账号_02.json
2025-12-06 11:14:30,435 [INFO] gameocr.server: State saved to /Users/zhaizeyu/Documents/vscode/local/gameocr/backend/data/state.json
2025-12-06 11:14:30,437 [INFO] gameocr.server: State saved to /Users/zhaizeyu/Documents/vscode/local/gameocr/backend/data/state_账号_04.json
2025-12-06 11:16:03,953 [INFO] gameocr.server: State saved to /Users/zhaizeyu/Documents/vscode/local/gameocr/backend/data/state.json
2025-12-06 11:16:03,954 [INFO] gameocr.server: State saved to /Users/zhaizeyu/Documents/vscode/local/gameocr/backend/data/state_账号_04.json
2025-12-06 11:16:12,004 [INFO] gameocr.server: State saved to /Users/zhaizeyu/Documents/vscode/local/gameocr/backend/data/state.json
2025-12-06 11:16:12,005 [INFO] gameocr.server: State saved to /Users/zhaizeyu/Documents/vscode/local/gameocr/backend/data/state_账号_04.json
2025-12-06 11:16:20,690 [INFO] gameocr.server: State saved to /Users/zhaizeyu/Documents/vscode/local/gameocr/backend/data/state.json
2025-12-06 11:16:20,692 [INFO] gameocr.server: State saved to /Users/zhaizeyu/Documents/vscode/local/gameocr/backend/data/state_账号_04.json
2025-12-06 11:18:17,021 [INFO] gameocr.server: State saved to /Users/zhaizeyu/Documents/vscode/local/gameocr/backend/data/state.json
2025-12-06 11:18:17,024 [INFO] gameocr.server: State saved to /Users/zhaizeyu/Documents/vscode/local/gameocr/backend/data/state_账号_01.json
2025-12-06 11:18:35,149 [INFO] gameocr.server: State saved to /Users/zhaizeyu/Documents/vscode/local/gameocr/backend/data/state.json
2025-12-06 11:18:35,151 [INFO] gameocr.server: State saved to /Users/zhaizeyu/Documents/vscode/local/gameocr/backend/data/state_账号_03.json
2025-12-06 11:18:38,004 [INFO] gameocr.server: State saved to /Users/zhaizeyu/Documents/vscode/local/gameocr/backend/data/state.json
2025-12-06 11:18:38,005 [INFO] gameocr.server: State saved to /Users/zhaizeyu/Documents/vscode/local/gameocr/backend/data/state_账号_03.json
2025-12-06 11:20:16,633 [INFO] gameocr.server: State saved to /Users/zhaizeyu/Documents/vscode/local/gameocr/backend/data/state.json
2025-12-06 11:20:16,634 [INFO] gameocr.server: State saved to /Users/zhaizeyu/Documents/vscode/local/gameocr/backend/data/state_账号_03.json
2025-12-06 11:20:43,409 [INFO] gameocr.server: State saved to /Users/zhaizeyu/Documents/vscode/local/gameocr/backend/data/state.json
2025-12-06 11:20:43,409 [INFO] gameocr.server: State saved to /Users/zhaizeyu/Documents/vscode/local/gameocr/backend/data/state_账号_03.json
2025-12-06 11:21:19,175 [INFO] gameocr.server: State saved to /Users/zhaizeyu/Documents/vscode/local/gameocr/backend/data/state.json
2025-12-06 11:21:19,176 [INFO] gameocr.server: State saved to /Users/zhaizeyu/Documents/vscode/local/gameocr/backend/data/state_账号_03.json
2025-12-06 11:22:06,839 [INFO] gameocr.server: State saved to /Users/zhaizeyu/Documents/vscode/local/gameocr/backend/data/state.json
2025-12-06 11:22:06,840 [INFO] gameocr.server: State saved to /Users/zhaizeyu/Documents/vscode/local/gameocr/backend/data/state_账号_03.json
2025-12-06 11:22:06,844 [INFO] gameocr.server: State saved to /Users/zhaizeyu/Documents/vscode/local/gameocr/backend/data/state_账号_03.json
2025-12-06 11:22:13,851 [INFO] gameocr.server: State saved to /Users/zhaizeyu/Documents/vscode/local/gameocr/backend/data/state.json
2025-12-06 11:22:13,852 [INFO] gameocr.server: State saved to /Users/zhaizeyu/Documents/vscode/local/gameocr/backend/data/state_账号_03.json
2025-12-06 11:22:13,855 [INFO] gameocr.server: State saved to /Users/zhaizeyu/Documents/vscode/local/gameocr/backend/data/state_账号_03.json
2025-12-06 11:24:10,355 [INFO] gameocr.server: State saved to /Users/zhaizeyu/Documents/vscode/local/gameocr/backend/data/state.json
2025-12-06 11:24:10,356 [INFO] gameocr.server: State saved to /Users/zhaizeyu/Documents/vscode/local/gameocr/backend/data/state_账号_03.json
2025-12-06 11:24:10,358 [INFO] gameocr.server: State saved to /Users/zhaizeyu/Documents/vscode/local/gameocr/backend/data/state.json
2025-12-06 11:24:10,359 [INFO] gameocr.server: State saved to /Users/zhaizeyu/Documents/vscode/local/gameocr/backend/data/state_账号_03.json
2025-12-06 11:24:34,240 [INFO] gameocr.server: State saved to /Users/zhaizeyu/Documents/vscode/local/gameocr/backend/data/state.json
2025-12-06 11:24:34,241 [INFO] gameocr.server: State saved to /Users/zhaizeyu/Documents/vscode/local/gameocr/backend/data/state_账号_03.json
2025-12-06 11:24:34,365 [INFO] gameocr.server: State saved to /Users/zhaizeyu/Documents/vscode/local/gameocr/backend/data/state.json
2025-12-06 11:24:34,366 [INFO] gameocr.server: State saved to /Users/zhaizeyu/Documents/vscode/local/gameocr/backend/data/state_账号_03.json
2025-12-06 11:26:26,370 [INFO] gameocr.server: State saved to /Users/zhaizeyu/Documents/vscode/local/gameocr/backend/data/state.json
2025-12-06 11:26:26,371 [INFO] gameocr.server: State saved to /Users/zhaizeyu/Documents/vscode/local/gameocr/backend/data/state_账号_03.json
2025-12-06 11:26:26,373 [INFO] gameocr.server: State saved to /Users/zhaizeyu/Documents/vscode/local/gameocr/backend/data/state_账号_03.json
2025-12-06 11:26:50,951 [INFO] gameocr.server: State saved to /Users/zhaizeyu/Documents/vscode/local/gameocr/backend/data/state.json
2025-12-06 11:26:50,952 [INFO] gameocr.server: State saved to /Users/zhaizeyu/Documents/vscode/local/gameocr/backend/data/state_账号_03.json
2025-12-06 11:26:50,954 [INFO] gameocr.server: State saved to /Users/zhaizeyu/Documents/vscode/local/gameocr/backend/data/state_账号_03.json
2025-12-06 11:28:44,756 [INFO] gameocr.server: State saved to /Users/zhaizeyu/Documents/vscode/local/gameocr/backend/data/state.json
2025-12-06 11:28:44,757 [INFO] gameocr.server: State saved to /Users/zhaizeyu/Documents/vscode/local/gameocr/backend/data/state_账号_03.json
2025-12-06 11:30:22,379 [INFO] gameocr.server: State saved to /Users/zhaizeyu/Documents/vscode/local/gameocr/backend/data/state.json
2025-12-06 11:30:22,382 [INFO] gameocr.server: State saved to /Users/zhaizeyu/Documents/vscode/local/gameocr/backend/data/state_账号_04.json
2025-12-06 11:30:24,236 [INFO] gameocr.server: State saved to /Users/zhaizeyu/Documents/vscode/local/gameocr/backend/data/state.json
2025-12-06 11:30:24,237 [INFO] gameocr.server: State saved to /Users/zhaizeyu/Documents/vscode/local/gameocr/backend/data/state_账号_03.json
2025-12-06 11:31:13,547 [INFO] gameocr.server: State saved to /Users/zhaizeyu/Documents/vscode/local/gameocr/backend/data/state.json
2025-12-06 11:31:13,548 [INFO] gameocr.server: State saved to /Users/zhaizeyu/Documents/vscode/local/gameocr/backend/data/state_账号_03.json
